[INFO] 2023-11-30T09:25:28  [Node] MqttInNode - start
[INFO] 2023-11-30T09:25:28  [Node] MqttOutNode - start
[INFO] 2023-11-30T09:25:28  [Node] DebugNode - start
[DEBUG] 2023-11-30T09:25:33  [DebugNode] {topic : "24e124126d152590/d/temperature", payload :{"temperature":16.8,"time":1701303933264}}
[DEBUG] 2023-11-30T09:25:33  [DebugNode] {topic : "24e124126d152590/d/humidity", payload :{"humidity":32.0,"time":1701303933264}}
[DEBUG] 2023-11-30T09:25:33  [DebugNode] {topic : "24e124126d152590/d/co2", payload :{"co2":562.0,"time":1701303933264}}
[DEBUG] 2023-11-30T09:25:33  [DebugNode] {topic : "24e124126d152590/d/temperature", payload :{"temperature":16.8,"time":1701303933364}}
[DEBUG] 2023-11-30T09:25:33  [DebugNode] {topic : "24e124126d152590/d/humidity", payload :{"humidity":32.0,"time":1701303933364}}
[DEBUG] 2023-11-30T09:25:33  [DebugNode] {topic : "24e124126d152590/d/co2", payload :{"co2":562.0,"time":1701303933364}}
[DEBUG] 2023-11-30T09:25:34  [DebugNode] {topic : "24e124136d151368/d/temperature", payload :{"temperature":23.3,"time":1701303934266}}
[DEBUG] 2023-11-30T09:25:34  [DebugNode] {topic : "24e124136d151368/d/humidity", payload :{"humidity":18.0,"time":1701303934266}}
[DEBUG] 2023-11-30T09:25:34  [DebugNode] {topic : "24e124136d151368/d/temperature", payload :{"temperature":23.3,"time":1701303934366}}
[DEBUG] 2023-11-30T09:25:34  [DebugNode] {topic : "24e124136d151368/d/humidity", payload :{"humidity":18.0,"time":1701303934366}}
[DEBUG] 2023-11-30T09:25:35  [DebugNode] {topic : "24e124785c421885/d/temperature", payload :{"temperature":20.400000000000002,"time":1701303935067}}
[DEBUG] 2023-11-30T09:25:35  [DebugNode] {topic : "24e124785c421885/d/humidity", payload :{"humidity":30.0,"time":1701303935067}}
[DEBUG] 2023-11-30T09:25:38  [DebugNode] {topic : "24e124785c389010/d/temperature", payload :{"temperature":20.0,"time":1701303938274}}
[DEBUG] 2023-11-30T09:25:38  [DebugNode] {topic : "24e124785c389010/d/humidity", payload :{"humidity":24.5,"time":1701303938274}}
[DEBUG] 2023-11-30T09:25:39  [DebugNode] {topic : "24e124126d152969/d/temperature", payload :{"temperature":19.0,"time":1701303939276}}
[DEBUG] 2023-11-30T09:25:39  [DebugNode] {topic : "24e124126d152969/d/humidity", payload :{"humidity":36.0,"time":1701303939276}}
[DEBUG] 2023-11-30T09:25:46  [DebugNode] {topic : "24e124136d151547/d/temperature", payload :{"temperature":18.6,"time":1701303946794}}
[DEBUG] 2023-11-30T09:25:46  [DebugNode] {topic : "24e124136d151547/d/humidity", payload :{"humidity":21.0,"time":1701303946794}}
[DEBUG] 2023-11-30T09:25:50  [DebugNode] {topic : "24e124128c067999/d/temperature", payload :{"temperature":20.900000000000002,"time":1701303950202}}
[DEBUG] 2023-11-30T09:25:50  [DebugNode] {topic : "24e124128c067999/d/humidity", payload :{"humidity":27.5,"time":1701303950202}}
[DEBUG] 2023-11-30T09:25:50  [DebugNode] {topic : "24e124128c067999/d/co2", payload :{"co2":1257.0,"time":1701303950202}}
[DEBUG] 2023-11-30T09:25:50  [DebugNode] {topic : "24e124128c067999/d/temperature", payload :{"temperature":20.900000000000002,"time":1701303950302}}
[DEBUG] 2023-11-30T09:25:50  [DebugNode] {topic : "24e124128c067999/d/humidity", payload :{"humidity":27.5,"time":1701303950302}}
[DEBUG] 2023-11-30T09:25:50  [DebugNode] {topic : "24e124128c067999/d/co2", payload :{"co2":1257.0,"time":1701303950302}}
[DEBUG] 2023-11-30T09:26:14  [DebugNode] {topic : "24e124785c389818/d/temperature", payload :{"temperature":19.6,"time":1701303974463}}
[DEBUG] 2023-11-30T09:26:14  [DebugNode] {topic : "24e124785c389818/d/humidity", payload :{"humidity":33.0,"time":1701303974463}}
[DEBUG] 2023-11-30T09:26:19  [DebugNode] {topic : "24e124128c140101/d/temperature", payload :{"temperature":19.1,"time":1701303979173}}
[DEBUG] 2023-11-30T09:26:19  [DebugNode] {topic : "24e124128c140101/d/humidity", payload :{"humidity":24.5,"time":1701303979173}}
[DEBUG] 2023-11-30T09:26:19  [DebugNode] {topic : "24e124128c140101/d/co2", payload :{"co2":642.0,"time":1701303979173}}
[DEBUG] 2023-11-30T09:26:27  [DebugNode] {topic : "24e124126d152919/d/temperature", payload :{"temperature":20.900000000000002,"time":1701303987694}}
[DEBUG] 2023-11-30T09:26:27  [DebugNode] {topic : "24e124126d152919/d/humidity", payload :{"humidity":24.5,"time":1701303987694}}
[DEBUG] 2023-11-30T09:26:34  [DebugNode] {topic : "24e124136d151368/d/temperature", payload :{"temperature":23.5,"time":1701303994305}}
[DEBUG] 2023-11-30T09:26:34  [DebugNode] {topic : "24e124136d151368/d/humidity", payload :{"humidity":18.0,"time":1701303994305}}
[DEBUG] 2023-11-30T09:26:35  [DebugNode] {topic : "24e124785c421885/d/temperature", payload :{"temperature":20.400000000000002,"time":1701303995107}}
[DEBUG] 2023-11-30T09:26:35  [DebugNode] {topic : "24e124785c421885/d/humidity", payload :{"humidity":30.0,"time":1701303995107}}
[DEBUG] 2023-11-30T09:26:38  [DebugNode] {topic : "24e124785c389010/d/temperature", payload :{"temperature":20.0,"time":1701303998214}}
[DEBUG] 2023-11-30T09:26:38  [DebugNode] {topic : "24e124785c389010/d/humidity", payload :{"humidity":24.0,"time":1701303998214}}
[DEBUG] 2023-11-30T09:26:46  [DebugNode] {topic : "24e124136d151547/d/temperature", payload :{"temperature":18.8,"time":1701304006834}}
[DEBUG] 2023-11-30T09:26:46  [DebugNode] {topic : "24e124136d151547/d/humidity", payload :{"humidity":21.0,"time":1701304006834}}
[DEBUG] 2023-11-30T09:26:50  [DebugNode] {topic : "24e124128c067999/d/temperature", payload :{"temperature":20.8,"time":1701304010440}}
[DEBUG] 2023-11-30T09:26:50  [DebugNode] {topic : "24e124128c067999/d/humidity", payload :{"humidity":27.5,"time":1701304010440}}
[DEBUG] 2023-11-30T09:26:50  [DebugNode] {topic : "24e124128c067999/d/co2", payload :{"co2":1222.0,"time":1701304010440}}
[DEBUG] 2023-11-30T09:27:14  [DebugNode] {topic : "24e124785c389818/d/temperature", payload :{"temperature":19.700000000000003,"time":1701304034690}}
[DEBUG] 2023-11-30T09:27:14  [DebugNode] {topic : "24e124785c389818/d/humidity", payload :{"humidity":33.0,"time":1701304034690}}
[DEBUG] 2023-11-30T09:27:19  [DebugNode] {topic : "24e124128c140101/d/temperature", payload :{"temperature":19.200000000000003,"time":1701304039101}}
[DEBUG] 2023-11-30T09:27:19  [DebugNode] {topic : "24e124128c140101/d/humidity", payload :{"humidity":24.0,"time":1701304039101}}
[DEBUG] 2023-11-30T09:27:19  [DebugNode] {topic : "24e124128c140101/d/co2", payload :{"co2":642.0,"time":1701304039101}}
[DEBUG] 2023-11-30T09:27:34  [DebugNode] {topic : "24e124136d151368/d/temperature", payload :{"temperature":23.5,"time":1701304054231}}
[DEBUG] 2023-11-30T09:27:34  [DebugNode] {topic : "24e124136d151368/d/humidity", payload :{"humidity":18.0,"time":1701304054231}}
[DEBUG] 2023-11-30T09:27:35  [DebugNode] {topic : "24e124126d152590/d/temperature", payload :{"temperature":16.8,"time":1701304055133}}
[DEBUG] 2023-11-30T09:27:35  [DebugNode] {topic : "24e124126d152590/d/humidity", payload :{"humidity":32.0,"time":1701304055133}}
[DEBUG] 2023-11-30T09:27:35  [DebugNode] {topic : "24e124126d152590/d/co2", payload :{"co2":543.0,"time":1701304055133}}
[DEBUG] 2023-11-30T09:27:35  [DebugNode] {topic : "24e124785c421885/d/temperature", payload :{"temperature":20.400000000000002,"time":1701304055234}}
[DEBUG] 2023-11-30T09:27:35  [DebugNode] {topic : "24e124785c421885/d/humidity", payload :{"humidity":30.0,"time":1701304055234}}
[DEBUG] 2023-11-30T09:27:38  [DebugNode] {topic : "24e124785c389010/d/temperature", payload :{"temperature":20.0,"time":1701304058241}}
[DEBUG] 2023-11-30T09:27:38  [DebugNode] {topic : "24e124785c389010/d/humidity", payload :{"humidity":24.0,"time":1701304058241}}
[DEBUG] 2023-11-30T09:27:40  [DebugNode] {topic : "24e124126d152969/d/temperature", payload :{"temperature":19.0,"time":1701304060946}}
[DEBUG] 2023-11-30T09:27:41  [DebugNode] {topic : "24e124126d152969/d/humidity", payload :{"humidity":36.0,"time":1701304060946}}
[DEBUG] 2023-11-30T09:27:43  [DebugNode] {topic : "24e124126c457594/d/temperature", payload :{"temperature":4.3,"time":1701304063051}}
[DEBUG] 2023-11-30T09:27:46  [DebugNode] {topic : "24e124136d151547/d/temperature", payload :{"temperature":18.8,"time":1701304066856}}
[DEBUG] 2023-11-30T09:27:46  [DebugNode] {topic : "24e124136d151547/d/humidity", payload :{"humidity":21.0,"time":1701304066856}}
[DEBUG] 2023-11-30T09:27:50  [DebugNode] {topic : "24e124128c067999/d/temperature", payload :{"temperature":20.900000000000002,"time":1701304070161}}
[DEBUG] 2023-11-30T09:27:50  [DebugNode] {topic : "24e124128c067999/d/humidity", payload :{"humidity":27.0,"time":1701304070161}}
[DEBUG] 2023-11-30T09:27:50  [DebugNode] {topic : "24e124128c067999/d/co2", payload :{"co2":1222.0,"time":1701304070161}}
[DEBUG] 2023-11-30T09:27:57  [DebugNode] {topic : "24e124136d150970/d/temperature", payload :{"temperature":17.0,"time":1701304077375}}
[DEBUG] 2023-11-30T09:27:57  [DebugNode] {topic : "24e124136d150970/d/humidity", payload :{"humidity":27.5,"time":1701304077375}}
[DEBUG] 2023-11-30T09:28:14  [DebugNode] {topic : "24e124785c389818/d/temperature", payload :{"temperature":19.700000000000003,"time":1701304094613}}
[DEBUG] 2023-11-30T09:28:14  [DebugNode] {topic : "24e124785c389818/d/humidity", payload :{"humidity":33.5,"time":1701304094613}}
[DEBUG] 2023-11-30T09:28:19  [DebugNode] {topic : "24e124128c140101/d/temperature", payload :{"temperature":19.3,"time":1701304099124}}
[DEBUG] 2023-11-30T09:28:19  [DebugNode] {topic : "24e124128c140101/d/humidity", payload :{"humidity":24.0,"time":1701304099124}}
[DEBUG] 2023-11-30T09:28:19  [DebugNode] {topic : "24e124128c140101/d/co2", payload :{"co2":647.0,"time":1701304099124}}
[DEBUG] 2023-11-30T09:28:19  [DebugNode] {topic : "24e124128c140101/d/temperature", payload :{"temperature":19.3,"time":1701304099224}}
[DEBUG] 2023-11-30T09:28:19  [DebugNode] {topic : "24e124128c140101/d/humidity", payload :{"humidity":24.0,"time":1701304099224}}
[DEBUG] 2023-11-30T09:28:19  [DebugNode] {topic : "24e124128c140101/d/co2", payload :{"co2":647.0,"time":1701304099224}}
[INFO] 2023-11-30T09:28:28  MqttInNode - start
[INFO] 2023-11-30T09:28:28  DebugNode - start
[INFO] 2023-11-30T09:28:28  MqttOutNode - start
[DEBUG] 2023-11-30T09:28:29  {topic : "24e124126d152919/d/temperature", payload :{"temperature":20.8,"time":1701304109503}}
[DEBUG] 2023-11-30T09:28:29  {topic : "24e124126d152919/d/humidity", payload :{"humidity":24.5,"time":1701304109503}}
[DEBUG] 2023-11-30T09:28:34  {topic : "24e124136d151368/d/temperature", payload :{"temperature":23.6,"time":1701304114212}}
[DEBUG] 2023-11-30T09:28:34  {topic : "24e124136d151368/d/humidity", payload :{"humidity":18.0,"time":1701304114212}}
[DEBUG] 2023-11-30T09:28:35  {topic : "24e124785c421885/d/temperature", payload :{"temperature":20.400000000000002,"time":1701304115113}}
[DEBUG] 2023-11-30T09:28:35  {topic : "24e124785c421885/d/humidity", payload :{"humidity":30.0,"time":1701304115113}}
[DEBUG] 2023-11-30T09:28:38  {topic : "24e124785c389010/d/temperature", payload :{"temperature":20.0,"time":1701304118419}}
[DEBUG] 2023-11-30T09:28:38  {topic : "24e124785c389010/d/humidity", payload :{"humidity":24.0,"time":1701304118419}}
[DEBUG] 2023-11-30T09:28:38  {topic : "24e124785c389010/d/temperature", payload :{"temperature":20.0,"time":1701304118519}}
[DEBUG] 2023-11-30T09:28:38  {topic : "24e124785c389010/d/humidity", payload :{"humidity":24.0,"time":1701304118519}}
[DEBUG] 2023-11-30T09:28:46  {topic : "24e124136d151547/d/temperature", payload :{"temperature":18.7,"time":1701304126934}}
[DEBUG] 2023-11-30T09:28:47  {topic : "24e124136d151547/d/humidity", payload :{"humidity":21.0,"time":1701304126934}}
[DEBUG] 2023-11-30T09:28:50  {topic : "24e124128c067999/d/temperature", payload :{"temperature":20.900000000000002,"time":1701304130439}}
[DEBUG] 2023-11-30T09:28:50  {topic : "24e124128c067999/d/humidity", payload :{"humidity":27.0,"time":1701304130439}}
[DEBUG] 2023-11-30T09:28:50  {topic : "24e124128c067999/d/co2", payload :{"co2":1193.0,"time":1701304130439}}
[INFO] 2023-11-30T09:30:36  DebugNode - start
[INFO] 2023-11-30T09:30:36  MqttOutNode - start
[INFO] 2023-11-30T09:30:36  MqttInNode - start
[DEBUG] 2023-11-30T09:30:38  DebugNode {topic : "24e124785c389010/d/temperature", payload :{"temperature":20.1,"time":1701304238304}}
[DEBUG] 2023-11-30T09:30:38  DebugNode {topic : "24e124785c389010/d/humidity", payload :{"humidity":24.0,"time":1701304238304}}
[INFO] 2023-11-30T09:31:06  MqttInNode - start
[INFO] 2023-11-30T09:31:06  MqttOutNode - start
[INFO] 2023-11-30T09:31:06  DebugNode - start
[DEBUG] 2023-11-30T09:31:14  DebugNode {topic : "24e124785c389818/d/temperature", payload :{"temperature":19.700000000000003,"time":1701304274481}}
[DEBUG] 2023-11-30T09:31:14  DebugNode {topic : "24e124785c389818/d/humidity", payload :{"humidity":33.5,"time":1701304274481}}
[DEBUG] 2023-11-30T09:31:18  DebugNode {topic : "24e124128c140101/d/temperature", payload :{"temperature":19.400000000000002,"time":1701304278993}}
[DEBUG] 2023-11-30T09:31:19  DebugNode {topic : "24e124128c140101/d/humidity", payload :{"humidity":24.0,"time":1701304278993}}
[DEBUG] 2023-11-30T09:31:19  DebugNode {topic : "24e124128c140101/d/co2", payload :{"co2":637.0,"time":1701304278993}}
[DEBUG] 2023-11-30T09:31:34  DebugNode {topic : "24e124136d151368/d/temperature", payload :{"temperature":23.700000000000003,"time":1701304294230}}
[DEBUG] 2023-11-30T09:31:34  DebugNode {topic : "24e124136d151368/d/humidity", payload :{"humidity":18.0,"time":1701304294230}}
[DEBUG] 2023-11-30T09:31:35  DebugNode {topic : "24e124785c421885/d/temperature", payload :{"temperature":20.5,"time":1701304295132}}
[DEBUG] 2023-11-30T09:31:35  DebugNode {topic : "24e124785c421885/d/humidity", payload :{"humidity":30.5,"time":1701304295132}}
[DEBUG] 2023-11-30T09:31:38  DebugNode {topic : "24e124785c389010/d/temperature", payload :{"temperature":20.200000000000003,"time":1701304298239}}
[DEBUG] 2023-11-30T09:31:38  DebugNode {topic : "24e124785c389010/d/humidity", payload :{"humidity":24.0,"time":1701304298239}}
[DEBUG] 2023-11-30T09:31:38  DebugNode {topic : "24e124785c389010/d/temperature", payload :{"temperature":20.200000000000003,"time":1701304298339}}
[DEBUG] 2023-11-30T09:31:38  DebugNode {topic : "24e124785c389010/d/humidity", payload :{"humidity":24.0,"time":1701304298340}}
[DEBUG] 2023-11-30T09:31:38  DebugNode {topic : "24e124126d152590/d/temperature", payload :{"temperature":16.900000000000002,"time":1701304298740}}
[DEBUG] 2023-11-30T09:31:38  DebugNode {topic : "24e124126d152590/d/humidity", payload :{"humidity":32.0,"time":1701304298740}}
[DEBUG] 2023-11-30T09:31:38  DebugNode {topic : "24e124126d152590/d/co2", payload :{"co2":563.0,"time":1701304298740}}
[DEBUG] 2023-11-30T09:31:44  DebugNode {topic : "24e124126d152969/d/temperature", payload :{"temperature":19.1,"time":1701304304453}}
[DEBUG] 2023-11-30T09:31:44  DebugNode {topic : "24e124126d152969/d/humidity", payload :{"humidity":36.0,"time":1701304304453}}
[DEBUG] 2023-11-30T09:31:46  DebugNode {topic : "24e124136d151547/d/temperature", payload :{"temperature":18.7,"time":1701304306758}}
[DEBUG] 2023-11-30T09:31:46  DebugNode {topic : "24e124136d151547/d/humidity", payload :{"humidity":20.5,"time":1701304306758}}
[DEBUG] 2023-11-30T09:31:46  DebugNode {topic : "24e124136d151547/d/temperature", payload :{"temperature":18.7,"time":1701304306858}}
[DEBUG] 2023-11-30T09:31:47  DebugNode {topic : "24e124136d151547/d/humidity", payload :{"humidity":20.5,"time":1701304306858}}
[DEBUG] 2023-11-30T09:31:50  DebugNode {topic : "24e124128c067999/d/temperature", payload :{"temperature":21.0,"time":1701304310066}}
[DEBUG] 2023-11-30T09:31:50  DebugNode {topic : "24e124128c067999/d/humidity", payload :{"humidity":27.0,"time":1701304310066}}
[DEBUG] 2023-11-30T09:31:50  DebugNode {topic : "24e124128c067999/d/co2", payload :{"co2":1238.0,"time":1701304310066}}
[DEBUG] 2023-11-30T09:32:14  DebugNode {topic : "24e124785c389818/d/temperature", payload :{"temperature":19.700000000000003,"time":1701304334526}}
[DEBUG] 2023-11-30T09:32:14  DebugNode {topic : "24e124785c389818/d/humidity", payload :{"humidity":33.5,"time":1701304334526}}
[DEBUG] 2023-11-30T09:32:19  DebugNode {topic : "24e124128c140101/d/temperature", payload :{"temperature":19.400000000000002,"time":1701304339037}}
[DEBUG] 2023-11-30T09:32:19  DebugNode {topic : "24e124128c140101/d/humidity", payload :{"humidity":23.5,"time":1701304339037}}
[DEBUG] 2023-11-30T09:32:19  DebugNode {topic : "24e124128c140101/d/co2", payload :{"co2":640.0,"time":1701304339037}}
[DEBUG] 2023-11-30T09:32:22  DebugNode {topic : "24e124136d151485/d/temperature", payload :{"temperature":20.900000000000002,"time":1701304342544}}
[DEBUG] 2023-11-30T09:32:22  DebugNode {topic : "24e124136d151485/d/humidity", payload :{"humidity":23.0,"time":1701304342544}}
[DEBUG] 2023-11-30T09:32:26  DebugNode {topic : "24e124136d151561/d/temperature", payload :{"temperature":15.200000000000001,"time":1701304346753}}
[DEBUG] 2023-11-30T09:32:26  DebugNode {topic : "24e124136d151561/d/humidity", payload :{"humidity":32.0,"time":1701304346753}}
[DEBUG] 2023-11-30T09:32:33  DebugNode {topic : "24e124126d152919/d/temperature", payload :{"temperature":20.900000000000002,"time":1701304353066}}
[DEBUG] 2023-11-30T09:32:33  DebugNode {topic : "24e124126d152919/d/humidity", payload :{"humidity":24.5,"time":1701304353066}}
[DEBUG] 2023-11-30T09:32:34  DebugNode {topic : "24e124136d151368/d/temperature", payload :{"temperature":23.700000000000003,"time":1701304354168}}
[DEBUG] 2023-11-30T09:32:34  DebugNode {topic : "24e124136d151368/d/humidity", payload :{"humidity":18.0,"time":1701304354168}}
[DEBUG] 2023-11-30T09:32:35  DebugNode {topic : "24e124785c421885/d/temperature", payload :{"temperature":20.5,"time":1701304355070}}
[DEBUG] 2023-11-30T09:32:35  DebugNode {topic : "24e124785c421885/d/humidity", payload :{"humidity":30.5,"time":1701304355070}}
[DEBUG] 2023-11-30T09:32:38  DebugNode {topic : "24e124785c389010/d/temperature", payload :{"temperature":20.200000000000003,"time":1701304358278}}
[DEBUG] 2023-11-30T09:32:38  DebugNode {topic : "24e124785c389010/d/humidity", payload :{"humidity":24.0,"time":1701304358278}}
[DEBUG] 2023-11-30T09:32:46  DebugNode {topic : "24e124136d151547/d/temperature", payload :{"temperature":18.8,"time":1701304366799}}
[DEBUG] 2023-11-30T09:32:46  DebugNode {topic : "24e124136d151547/d/humidity", payload :{"humidity":20.5,"time":1701304366799}}
[DEBUG] 2023-11-30T09:32:50  DebugNode {topic : "24e124128c067999/d/temperature", payload :{"temperature":20.900000000000002,"time":1701304370307}}
[DEBUG] 2023-11-30T09:32:50  DebugNode {topic : "24e124128c067999/d/humidity", payload :{"humidity":26.5,"time":1701304370307}}
[DEBUG] 2023-11-30T09:32:50  DebugNode {topic : "24e124128c067999/d/co2", payload :{"co2":1227.0,"time":1701304370307}}
[DEBUG] 2023-11-30T09:33:14  DebugNode {topic : "24e124785c389818/d/temperature", payload :{"temperature":19.700000000000003,"time":1701304394458}}
[DEBUG] 2023-11-30T09:33:14  DebugNode {topic : "24e124785c389818/d/humidity", payload :{"humidity":33.5,"time":1701304394458}}
[DEBUG] 2023-11-30T09:33:14  DebugNode {topic : "24e124785c389818/d/temperature", payload :{"temperature":19.700000000000003,"time":1701304394558}}
[DEBUG] 2023-11-30T09:33:14  DebugNode {topic : "24e124785c389818/d/humidity", payload :{"humidity":33.5,"time":1701304394558}}
[DEBUG] 2023-11-30T09:33:18  DebugNode {topic : "24e124128c140101/d/temperature", payload :{"temperature":19.5,"time":1701304398968}}
[DEBUG] 2023-11-30T09:33:19  DebugNode {topic : "24e124128c140101/d/humidity", payload :{"humidity":23.5,"time":1701304398968}}
[DEBUG] 2023-11-30T09:33:19  DebugNode {topic : "24e124128c140101/d/co2", payload :{"co2":640.0,"time":1701304398968}}
[DEBUG] 2023-11-30T09:33:19  DebugNode {topic : "24e124128c140101/d/temperature", payload :{"temperature":19.5,"time":1701304399068}}
[DEBUG] 2023-11-30T09:33:19  DebugNode {topic : "24e124128c140101/d/humidity", payload :{"humidity":23.5,"time":1701304399068}}
[DEBUG] 2023-11-30T09:33:19  DebugNode {topic : "24e124128c140101/d/co2", payload :{"co2":640.0,"time":1701304399068}}
[DEBUG] 2023-11-30T09:33:34  DebugNode {topic : "24e124136d151368/d/temperature", payload :{"temperature":23.8,"time":1701304414200}}
[DEBUG] 2023-11-30T09:33:34  DebugNode {topic : "24e124136d151368/d/humidity", payload :{"humidity":17.5,"time":1701304414200}}
[DEBUG] 2023-11-30T09:33:34  DebugNode {topic : "24e124136d151368/d/temperature", payload :{"temperature":23.8,"time":1701304414300}}
[DEBUG] 2023-11-30T09:33:34  DebugNode {topic : "24e124136d151368/d/humidity", payload :{"humidity":17.5,"time":1701304414300}}
[DEBUG] 2023-11-30T09:33:35  DebugNode {topic : "24e124785c421885/d/temperature", payload :{"temperature":20.5,"time":1701304415101}}
[DEBUG] 2023-11-30T09:33:35  DebugNode {topic : "24e124785c421885/d/humidity", payload :{"humidity":30.0,"time":1701304415101}}
[DEBUG] 2023-11-30T09:33:38  DebugNode {topic : "24e124785c389010/d/temperature", payload :{"temperature":20.200000000000003,"time":1701304418307}}
[DEBUG] 2023-11-30T09:33:38  DebugNode {topic : "24e124785c389010/d/humidity", payload :{"humidity":24.0,"time":1701304418307}}
[DEBUG] 2023-11-30T09:33:38  DebugNode {topic : "24e124785c389010/d/temperature", payload :{"temperature":20.200000000000003,"time":1701304418408}}
[DEBUG] 2023-11-30T09:33:38  DebugNode {topic : "24e124785c389010/d/humidity", payload :{"humidity":24.0,"time":1701304418408}}
[DEBUG] 2023-11-30T09:33:40  DebugNode {topic : "24e124126d152590/d/temperature", payload :{"temperature":16.900000000000002,"time":1701304420612}}
[DEBUG] 2023-11-30T09:33:40  DebugNode {topic : "24e124126d152590/d/humidity", payload :{"humidity":31.5,"time":1701304420612}}
[DEBUG] 2023-11-30T09:33:40  DebugNode {topic : "24e124126d152590/d/co2", payload :{"co2":549.0,"time":1701304420612}}
[DEBUG] 2023-11-30T09:33:46  DebugNode {topic : "24e124126d152969/d/temperature", payload :{"temperature":19.0,"time":1701304426424}}
[DEBUG] 2023-11-30T09:33:46  DebugNode {topic : "24e124126d152969/d/humidity", payload :{"humidity":36.0,"time":1701304426424}}
[DEBUG] 2023-11-30T09:33:46  DebugNode {topic : "24e124136d151547/d/temperature", payload :{"temperature":18.7,"time":1701304426825}}
[DEBUG] 2023-11-30T09:33:46  DebugNode {topic : "24e124136d151547/d/humidity", payload :{"humidity":21.5,"time":1701304426825}}
[DEBUG] 2023-11-30T09:33:50  DebugNode {topic : "24e124128c067999/d/temperature", payload :{"temperature":20.900000000000002,"time":1701304430032}}
[DEBUG] 2023-11-30T09:33:50  DebugNode {topic : "24e124128c067999/d/humidity", payload :{"humidity":27.0,"time":1701304430032}}
[DEBUG] 2023-11-30T09:33:50  DebugNode {topic : "24e124128c067999/d/co2", payload :{"co2":1227.0,"time":1701304430032}}
[DEBUG] 2023-11-30T09:34:14  DebugNode {topic : "24e124785c389818/d/temperature", payload :{"temperature":19.700000000000003,"time":1701304454489}}
[DEBUG] 2023-11-30T09:34:14  DebugNode {topic : "24e124785c389818/d/humidity", payload :{"humidity":33.0,"time":1701304454489}}
[DEBUG] 2023-11-30T09:34:19  DebugNode {topic : "24e124128c140101/d/temperature", payload :{"temperature":19.6,"time":1701304458999}}
[DEBUG] 2023-11-30T09:34:19  DebugNode {topic : "24e124128c140101/d/humidity", payload :{"humidity":23.5,"time":1701304458999}}
[DEBUG] 2023-11-30T09:34:19  DebugNode {topic : "24e124128c140101/d/co2", payload :{"co2":625.0,"time":1701304458999}}
[DEBUG] 2023-11-30T09:34:34  DebugNode {topic : "24e124136d151368/d/temperature", payload :{"temperature":23.900000000000002,"time":1701304474238}}
[DEBUG] 2023-11-30T09:34:34  DebugNode {topic : "24e124136d151368/d/humidity", payload :{"humidity":17.5,"time":1701304474238}}
[DEBUG] 2023-11-30T09:34:34  DebugNode {topic : "24e124126d152919/d/temperature", payload :{"temperature":21.0,"time":1701304474939}}
[DEBUG] 2023-11-30T09:34:35  DebugNode {topic : "24e124126d152919/d/humidity", payload :{"humidity":24.5,"time":1701304474939}}
[DEBUG] 2023-11-30T09:34:35  DebugNode {topic : "24e124785c421885/d/temperature", payload :{"temperature":20.5,"time":1701304475139}}
[DEBUG] 2023-11-30T09:34:35  DebugNode {topic : "24e124785c421885/d/humidity", payload :{"humidity":30.0,"time":1701304475139}}
[DEBUG] 2023-11-30T09:34:35  DebugNode {topic : "24e124785c421885/d/temperature", payload :{"temperature":20.5,"time":1701304475239}}
[DEBUG] 2023-11-30T09:34:35  DebugNode {topic : "24e124785c421885/d/humidity", payload :{"humidity":30.0,"time":1701304475239}}
[DEBUG] 2023-11-30T09:34:38  DebugNode {topic : "24e124785c389010/d/temperature", payload :{"temperature":20.3,"time":1701304478245}}
[DEBUG] 2023-11-30T09:34:38  DebugNode {topic : "24e124785c389010/d/humidity", payload :{"humidity":24.0,"time":1701304478245}}
[DEBUG] 2023-11-30T09:34:46  DebugNode {topic : "24e124136d151547/d/temperature", payload :{"temperature":18.7,"time":1701304486765}}
[DEBUG] 2023-11-30T09:34:46  DebugNode {topic : "24e124136d151547/d/humidity", payload :{"humidity":21.0,"time":1701304486765}}
[DEBUG] 2023-11-30T09:34:50  DebugNode {topic : "24e124128c067999/d/temperature", payload :{"temperature":20.900000000000002,"time":1701304490273}}
[DEBUG] 2023-11-30T09:34:50  DebugNode {topic : "24e124128c067999/d/humidity", payload :{"humidity":27.0,"time":1701304490273}}
[DEBUG] 2023-11-30T09:34:50  DebugNode {topic : "24e124128c067999/d/co2", payload :{"co2":1282.0,"time":1701304490273}}
[DEBUG] 2023-11-30T09:35:14  DebugNode {topic : "24e124785c389818/d/temperature", payload :{"temperature":19.8,"time":1701304514533}}
[DEBUG] 2023-11-30T09:35:14  DebugNode {topic : "24e124785c389818/d/humidity", payload :{"humidity":33.0,"time":1701304514533}}
[DEBUG] 2023-11-30T09:35:18  DebugNode {topic : "24e124128c140101/d/temperature", payload :{"temperature":19.6,"time":1701304518942}}
[DEBUG] 2023-11-30T09:35:19  DebugNode {topic : "24e124128c140101/d/humidity", payload :{"humidity":23.5,"time":1701304518942}}
[DEBUG] 2023-11-30T09:35:19  DebugNode {topic : "24e124128c140101/d/co2", payload :{"co2":625.0,"time":1701304518942}}
[DEBUG] 2023-11-30T09:35:34  DebugNode {topic : "24e124136d151368/d/temperature", payload :{"temperature":23.8,"time":1701304534179}}
[DEBUG] 2023-11-30T09:35:34  DebugNode {topic : "24e124136d151368/d/humidity", payload :{"humidity":17.5,"time":1701304534179}}
[DEBUG] 2023-11-30T09:35:34  DebugNode {topic : "24e124136d151368/d/temperature", payload :{"temperature":23.8,"time":1701304534279}}
[DEBUG] 2023-11-30T09:35:34  DebugNode {topic : "24e124136d151368/d/humidity", payload :{"humidity":17.5,"time":1701304534279}}
[DEBUG] 2023-11-30T09:35:35  DebugNode {topic : "24e124785c421885/d/temperature", payload :{"temperature":20.5,"time":1701304535080}}
[DEBUG] 2023-11-30T09:35:35  DebugNode {topic : "24e124785c421885/d/humidity", payload :{"humidity":30.5,"time":1701304535080}}
[DEBUG] 2023-11-30T09:35:38  DebugNode {topic : "24e124785c389010/d/temperature", payload :{"temperature":20.3,"time":1701304538286}}
[DEBUG] 2023-11-30T09:35:38  DebugNode {topic : "24e124785c389010/d/humidity", payload :{"humidity":24.0,"time":1701304538286}}
[DEBUG] 2023-11-30T09:35:42  DebugNode {topic : "24e124126d152590/d/temperature", payload :{"temperature":16.900000000000002,"time":1701304542496}}
[DEBUG] 2023-11-30T09:35:42  DebugNode {topic : "24e124126d152590/d/humidity", payload :{"humidity":32.0,"time":1701304542496}}
[DEBUG] 2023-11-30T09:35:42  DebugNode {topic : "24e124126d152590/d/co2", payload :{"co2":573.0,"time":1701304542496}}
[DEBUG] 2023-11-30T09:35:42  DebugNode {topic : "24e124126d152590/d/temperature", payload :{"temperature":16.900000000000002,"time":1701304542596}}
[DEBUG] 2023-11-30T09:35:42  DebugNode {topic : "24e124126d152590/d/humidity", payload :{"humidity":32.0,"time":1701304542596}}
[DEBUG] 2023-11-30T09:35:43  DebugNode {topic : "24e124126d152590/d/co2", payload :{"co2":573.0,"time":1701304542596}}
[DEBUG] 2023-11-30T09:35:46  DebugNode {topic : "24e124136d151547/d/temperature", payload :{"temperature":18.7,"time":1701304546807}}
[DEBUG] 2023-11-30T09:35:46  DebugNode {topic : "24e124136d151547/d/humidity", payload :{"humidity":20.5,"time":1701304546807}}
[DEBUG] 2023-11-30T09:35:48  DebugNode {topic : "24e124126d152969/d/temperature", payload :{"temperature":19.200000000000003,"time":1701304548011}}
[DEBUG] 2023-11-30T09:35:48  DebugNode {topic : "24e124126d152969/d/humidity", payload :{"humidity":36.5,"time":1701304548011}}
[DEBUG] 2023-11-30T09:35:49  DebugNode {topic : "24e124128c067999/d/temperature", payload :{"temperature":20.900000000000002,"time":1701304549915}}
[DEBUG] 2023-11-30T09:35:50  DebugNode {topic : "24e124128c067999/d/humidity", payload :{"humidity":27.0,"time":1701304549915}}
[DEBUG] 2023-11-30T09:35:50  DebugNode {topic : "24e124128c067999/d/co2", payload :{"co2":1282.0,"time":1701304549915}}
[DEBUG] 2023-11-30T09:36:14  DebugNode {topic : "24e124785c389818/d/temperature", payload :{"temperature":19.8,"time":1701304574155}}
[DEBUG] 2023-11-30T09:36:14  DebugNode {topic : "24e124785c389818/d/humidity", payload :{"humidity":33.0,"time":1701304574155}}
[DEBUG] 2023-11-30T09:36:18  DebugNode {topic : "24e124128c140101/d/temperature", payload :{"temperature":19.8,"time":1701304578663}}
[DEBUG] 2023-11-30T09:36:18  DebugNode {topic : "24e124128c140101/d/humidity", payload :{"humidity":23.0,"time":1701304578663}}
[DEBUG] 2023-11-30T09:36:18  DebugNode {topic : "24e124128c140101/d/co2", payload :{"co2":632.0,"time":1701304578663}}
[DEBUG] 2023-11-30T09:36:33  DebugNode {topic : "24e124136d151368/d/temperature", payload :{"temperature":23.900000000000002,"time":1701304593882}}
[DEBUG] 2023-11-30T09:36:34  DebugNode {topic : "24e124136d151368/d/humidity", payload :{"humidity":17.5,"time":1701304593882}}
[DEBUG] 2023-11-30T09:36:34  DebugNode {topic : "24e124785c421885/d/temperature", payload :{"temperature":20.5,"time":1701304594784}}
[DEBUG] 2023-11-30T09:36:34  DebugNode {topic : "24e124785c421885/d/humidity", payload :{"humidity":30.5,"time":1701304594784}}
[DEBUG] 2023-11-30T09:36:36  DebugNode {topic : "24e124126d152919/d/temperature", payload :{"temperature":20.900000000000002,"time":1701304596387}}
[DEBUG] 2023-11-30T09:36:36  DebugNode {topic : "24e124126d152919/d/humidity", payload :{"humidity":24.5,"time":1701304596387}}
[DEBUG] 2023-11-30T09:36:37  DebugNode {topic : "24e124785c389010/d/temperature", payload :{"temperature":20.3,"time":1701304597890}}
[DEBUG] 2023-11-30T09:36:38  DebugNode {topic : "24e124785c389010/d/humidity", payload :{"humidity":24.0,"time":1701304597890}}
[DEBUG] 2023-11-30T09:36:46  DebugNode {topic : "24e124136d151547/d/temperature", payload :{"temperature":18.6,"time":1701304606508}}
[DEBUG] 2023-11-30T09:36:46  DebugNode {topic : "24e124136d151547/d/humidity", payload :{"humidity":20.5,"time":1701304606508}}
[DEBUG] 2023-11-30T09:36:49  DebugNode {topic : "24e124128c067999/d/temperature", payload :{"temperature":20.900000000000002,"time":1701304609816}}
[DEBUG] 2023-11-30T09:36:49  DebugNode {topic : "24e124128c067999/d/humidity", payload :{"humidity":27.0,"time":1701304609816}}
[DEBUG] 2023-11-30T09:36:50  DebugNode {topic : "24e124128c067999/d/co2", payload :{"co2":1274.0,"time":1701304609816}}
[DEBUG] 2023-11-30T09:37:14  DebugNode {topic : "24e124785c389818/d/temperature", payload :{"temperature":19.8,"time":1701304634181}}
[DEBUG] 2023-11-30T09:37:14  DebugNode {topic : "24e124785c389818/d/humidity", payload :{"humidity":33.0,"time":1701304634181}}
[DEBUG] 2023-11-30T09:37:18  DebugNode {topic : "24e124128c140101/d/temperature", payload :{"temperature":19.8,"time":1701304638588}}
[DEBUG] 2023-11-30T09:37:18  DebugNode {topic : "24e124128c140101/d/humidity", payload :{"humidity":23.0,"time":1701304638588}}
[DEBUG] 2023-11-30T09:37:18  DebugNode {topic : "24e124128c140101/d/co2", payload :{"co2":632.0,"time":1701304638588}}
[DEBUG] 2023-11-30T09:37:18  DebugNode {topic : "24e124128c140101/d/temperature", payload :{"temperature":19.8,"time":1701304638688}}
[DEBUG] 2023-11-30T09:37:19  DebugNode {topic : "24e124128c140101/d/humidity", payload :{"humidity":23.0,"time":1701304638688}}
[DEBUG] 2023-11-30T09:37:19  DebugNode {topic : "24e124128c140101/d/co2", payload :{"co2":632.0,"time":1701304638688}}
[INFO] 2023-11-30T16:30:27  MqttOutNode - start
[INFO] 2023-11-30T16:30:27  MqttInNode - start
[INFO] 2023-11-30T16:30:27  DebugNode - start
[INFO] 2023-11-30T16:37:05  DebugNode - start
[INFO] 2023-11-30T16:37:05  MqttInNode - start
[INFO] 2023-11-30T16:37:05  MqttOutNode - start
[INFO] 2023-11-30T16:42:04  MqttInNode - start
[INFO] 2023-11-30T16:42:04  MqttOutNode - start
[INFO] 2023-11-30T16:42:04  DebugNode - start
[INFO] 2023-11-30T16:44:45  MqttInNode - start
[INFO] 2023-11-30T16:44:45  MqttOutNode - start
[INFO] 2023-11-30T16:44:45  DebugNode - start
[INFO] 2023-11-30T16:46:09  DebugNode - start
[INFO] 2023-11-30T16:46:09  MqttInNode - start
[INFO] 2023-11-30T16:46:09  MqttOutNode - start
[DEBUG] 2023-11-30T16:46:13  DebugNode {topic : "/d/24e124126d152590/p/classroom/e/humidity", payload :{"humidity":32.5,"time":1701330373608}}
[DEBUG] 2023-11-30T16:46:13  DebugNode {topic : "/d/24e124785c389818/p/class_a/e/humidity", payload :{"humidity":29.0,"time":1701330373709}}
[DEBUG] 2023-11-30T16:46:18  DebugNode {topic : "/d/24e124128c140101/p/class_b/e/humidity", payload :{"humidity":20.0,"time":1701330378876}}
[DEBUG] 2023-11-30T16:46:19  DebugNode {topic : "/d/24e124128c140101/p/class_b/e/humidity", payload :{"humidity":20.0,"time":1701330379188}}
